<?xml version="1.0" encoding="UTF-8"?>
<!-- Generated by org.testng.reporters.JUnitXMLReporter -->
<testsuite ignored="0" hostname="LAPTOP-G8J30JQB" failures="0" tests="3" name="SuperAdminTest" time="28.219" errors="0" timestamp="2023-05-01T14:27:53 IST">
  <testcase classname="testCases.TC_002_AddOraganisationTest" name="test_BasicData1" time="12.914"/>
  <testcase classname="testCases.TC_002_AddOraganisationTest" name="testContactPerson" time="2.996"/>
  <testcase classname="testCases.TC_002_AddOraganisationTest" name="testBillingDetails" time="6.878"/>
</testsuite> <!-- SuperAdminTest -->
