<?xml version="1.0" encoding="UTF-8"?>
<!-- Generated by org.testng.reporters.JUnitXMLReporter -->
<testsuite ignored="0" hostname="LAPTOP-G8J30JQB" failures="0" tests="3" name="SuperAdminTest" time="28.331" errors="0" timestamp="2023-05-01T14:20:31 IST">
  <testcase classname="testCases.TC_002_AddOraganisationTest" name="test_BasicData1" time="13.118"/>
  <testcase classname="testCases.TC_002_AddOraganisationTest" name="testContactPerson" time="2.433"/>
  <testcase classname="testCases.TC_002_AddOraganisationTest" name="testBillingDetails" time="7.011"/>
</testsuite> <!-- SuperAdminTest -->
