<?xml version="1.0" encoding="UTF-8"?>
<testng-results ignored="0" total="3" passed="3" failed="0" skipped="0">
  <reporter-output>
  </reporter-output>
  <suite started-at="2023-04-12T19:17:13 IST" name="SuperAdminSuit" finished-at="2023-04-12T19:17:38 IST" duration-ms="25418">
    <groups>
    </groups>
    <test started-at="2023-04-12T19:17:13 IST" name="SuperAdminTest" finished-at="2023-04-12T19:17:38 IST" duration-ms="25418">
      <class name="testCases.TC_002_AddOraganisationTest">
        <test-method is-config="true" signature="setup(java.lang.String)[pri:0, instance:testCases.TC_002_AddOraganisationTest@6b81ce95]" started-at="2023-04-12T19:17:13 IST" name="setup" finished-at="2023-04-12T19:17:19 IST" duration-ms="5990" status="PASS">
          <params>
            <param index="0">
              <value>
                <![CDATA[chrome]]>
              </value>
            </param>
          </params>
          <reporter-output>
          </reporter-output>
        </test-method> <!-- setup -->
        <test-method is-config="true" signature="Login()[pri:0, instance:testCases.TC_002_AddOraganisationTest@6b81ce95]" started-at="2023-04-12T19:17:19 IST" name="Login" finished-at="2023-04-12T19:17:20 IST" depends-on-methods="testBase.BaseClass.setup" duration-ms="407" status="PASS">
          <reporter-output>
          </reporter-output>
        </test-method> <!-- Login -->
        <test-method signature="test_BasicData()[pri:1, instance:testCases.TC_002_AddOraganisationTest@6b81ce95]" started-at="2023-04-12T19:17:20 IST" name="test_BasicData" finished-at="2023-04-12T19:17:31 IST" duration-ms="11187" status="PASS">
          <reporter-output>
          </reporter-output>
        </test-method> <!-- test_BasicData -->
        <test-method signature="testContactPerson()[pri:2, instance:testCases.TC_002_AddOraganisationTest@6b81ce95]" started-at="2023-04-12T19:17:31 IST" name="testContactPerson" finished-at="2023-04-12T19:17:34 IST" depends-on-methods="testCases.TC_002_AddOraganisationTest.test_BasicData" duration-ms="2952" status="PASS">
          <reporter-output>
          </reporter-output>
        </test-method> <!-- testContactPerson -->
        <test-method signature="testBillingDetails()[pri:3, instance:testCases.TC_002_AddOraganisationTest@6b81ce95]" started-at="2023-04-12T19:17:34 IST" name="testBillingDetails" finished-at="2023-04-12T19:17:38 IST" depends-on-methods="testCases.TC_002_AddOraganisationTest.testContactPerson" duration-ms="4108" status="PASS">
          <reporter-output>
          </reporter-output>
        </test-method> <!-- testBillingDetails -->
        <test-method is-config="true" signature="tearDown()[pri:0, instance:testCases.TC_002_AddOraganisationTest@6b81ce95]" started-at="2023-04-12T19:17:38 IST" name="tearDown" finished-at="2023-04-12T19:17:38 IST" duration-ms="394" status="PASS">
          <reporter-output>
          </reporter-output>
        </test-method> <!-- tearDown -->
      </class> <!-- testCases.TC_002_AddOraganisationTest -->
    </test> <!-- SuperAdminTest -->
  </suite> <!-- SuperAdminSuit -->
</testng-results>
