<?xml version="1.0" encoding="UTF-8"?>
<testng-results ignored="0" total="3" passed="3" failed="0" skipped="0">
  <reporter-output>
  </reporter-output>
  <suite started-at="2023-05-01T14:27:25 IST" name="SuperAdminSuit" finished-at="2023-05-01T14:27:53 IST" duration-ms="28219">
    <groups>
    </groups>
    <test started-at="2023-05-01T14:27:25 IST" name="SuperAdminTest" finished-at="2023-05-01T14:27:53 IST" duration-ms="28219">
      <class name="testCases.TC_002_AddOraganisationTest">
        <test-method is-config="true" signature="setup(java.lang.String)[pri:0, instance:testCases.TC_002_AddOraganisationTest@9f116cc]" started-at="2023-05-01T14:27:25 IST" name="setup" finished-at="2023-05-01T14:27:30 IST" duration-ms="4836" status="PASS">
          <params>
            <param index="0">
              <value>
                <![CDATA[edge]]>
              </value>
            </param>
          </params>
          <reporter-output>
          </reporter-output>
        </test-method> <!-- setup -->
        <test-method signature="test_BasicData1()[pri:1, instance:testCases.TC_002_AddOraganisationTest@9f116cc]" started-at="2023-05-01T14:27:30 IST" name="test_BasicData1" finished-at="2023-05-01T14:27:43 IST" duration-ms="12914" status="PASS">
          <reporter-output>
          </reporter-output>
        </test-method> <!-- test_BasicData1 -->
        <test-method signature="testContactPerson()[pri:2, instance:testCases.TC_002_AddOraganisationTest@9f116cc]" started-at="2023-05-01T14:27:43 IST" name="testContactPerson" finished-at="2023-05-01T14:27:46 IST" depends-on-methods="testCases.TC_002_AddOraganisationTest.test_BasicData1" duration-ms="2996" status="PASS">
          <reporter-output>
          </reporter-output>
        </test-method> <!-- testContactPerson -->
        <test-method signature="testBillingDetails()[pri:3, instance:testCases.TC_002_AddOraganisationTest@9f116cc]" started-at="2023-05-01T14:27:46 IST" name="testBillingDetails" finished-at="2023-05-01T14:27:52 IST" depends-on-methods="testCases.TC_002_AddOraganisationTest.testContactPerson" duration-ms="6878" status="PASS">
          <reporter-output>
          </reporter-output>
        </test-method> <!-- testBillingDetails -->
        <test-method is-config="true" signature="tearDown()[pri:0, instance:testCases.TC_002_AddOraganisationTest@9f116cc]" started-at="2023-05-01T14:27:52 IST" name="tearDown" finished-at="2023-05-01T14:27:53 IST" duration-ms="315" status="PASS">
          <reporter-output>
          </reporter-output>
        </test-method> <!-- tearDown -->
      </class> <!-- testCases.TC_002_AddOraganisationTest -->
    </test> <!-- SuperAdminTest -->
  </suite> <!-- SuperAdminSuit -->
</testng-results>
