<?xml version="1.0" encoding="UTF-8"?>
<!-- Generated by org.testng.reporters.JUnitXMLReporter -->
<testsuite ignored="0" hostname="LAPTOP-G8J30JQB" failures="0" tests="10" name="DataDrivenTest" time="91.278" errors="0" timestamp="2023-04-12T19:44:40 IST">
  <testcase classname="testCases.LoginDataDrivenTest" name="test_LoginDDT" time="5.269"/>
  <testcase classname="testCases.LoginDataDrivenTest" name="test_LoginDDT" time="4.057"/>
  <testcase classname="testCases.LoginDataDrivenTest" name="test_LoginDDT" time="5.885"/>
  <testcase classname="testCases.LoginDataDrivenTest" name="test_LoginDDT" time="4.757"/>
  <testcase classname="testCases.LoginDataDrivenTest" name="test_LoginDDT" time="10.696"/>
  <testcase classname="testCases.LoginDataDrivenTest" name="test_LoginDDT" time="10.453"/>
  <testcase classname="testCases.LoginDataDrivenTest" name="test_LoginDDT" time="10.439"/>
  <testcase classname="testCases.LoginDataDrivenTest" name="test_LoginDDT" time="10.372"/>
  <testcase classname="testCases.LoginDataDrivenTest" name="test_LoginDDT" time="10.38"/>
  <testcase classname="testCases.LoginDataDrivenTest" name="test_LoginDDT" time="4.833"/>
</testsuite> <!-- DataDrivenTest -->
