<?xml version="1.0" encoding="UTF-8"?>
<!-- Generated by org.testng.reporters.JUnitXMLReporter -->
<testsuite ignored="0" hostname="LAPTOP-G8J30JQB" failures="0" tests="10" name="DataDrivenTest" time="87.258" errors="0" timestamp="2023-04-12T19:08:37 IST">
  <testcase classname="testCases.LoginDataDrivenTest" name="test_LoginDDT" time="5.582"/>
  <testcase classname="testCases.LoginDataDrivenTest" name="test_LoginDDT" time="4.507"/>
  <testcase classname="testCases.LoginDataDrivenTest" name="test_LoginDDT" time="4.827"/>
  <testcase classname="testCases.LoginDataDrivenTest" name="test_LoginDDT" time="5.149"/>
  <testcase classname="testCases.LoginDataDrivenTest" name="test_LoginDDT" time="10.923"/>
  <testcase classname="testCases.LoginDataDrivenTest" name="test_LoginDDT" time="10.508"/>
  <testcase classname="testCases.LoginDataDrivenTest" name="test_LoginDDT" time="10.443"/>
  <testcase classname="testCases.LoginDataDrivenTest" name="test_LoginDDT" time="10.405"/>
  <testcase classname="testCases.LoginDataDrivenTest" name="test_LoginDDT" time="10.451"/>
  <testcase classname="testCases.LoginDataDrivenTest" name="test_LoginDDT" time="5.716"/>
</testsuite> <!-- DataDrivenTest -->
